<?xml version="1.0" encoding="UTF-8"?>
<testng-results skipped="0" failed="0" ignored="0" total="1" passed="1">
  <reporter-output>
  </reporter-output>
  <suite name="Suite" duration-ms="19003" started-at="2020-08-31T17:21:47Z" finished-at="2020-08-31T17:22:06Z">
    <groups>
    </groups>
    <test name="Test" duration-ms="19003" started-at="2020-08-31T17:21:47Z" finished-at="2020-08-31T17:22:06Z">
      <class name="com.qa.test.LoginPageTest">
        <test-method status="PASS" signature="setUp()[pri:0, instance:com.qa.test.LoginPageTest@180bc464]" name="setUp" is-config="true" duration-ms="15867" started-at="2020-08-31T17:21:47Z" finished-at="2020-08-31T17:22:03Z">
          <reporter-output>
          </reporter-output>
        </test-method> <!-- setUp -->
        <test-method status="PASS" signature="validateLoginTest()[pri:0, instance:com.qa.test.LoginPageTest@180bc464]" name="validateLoginTest" duration-ms="2902" started-at="2020-08-31T17:22:03Z" finished-at="2020-08-31T17:22:06Z">
          <reporter-output>
          </reporter-output>
        </test-method> <!-- validateLoginTest -->
        <test-method status="PASS" signature="tearDown()[pri:0, instance:com.qa.test.LoginPageTest@180bc464]" name="tearDown" is-config="true" duration-ms="190" started-at="2020-08-31T17:22:06Z" finished-at="2020-08-31T17:22:06Z">
          <reporter-output>
          </reporter-output>
        </test-method> <!-- tearDown -->
      </class> <!-- com.qa.test.LoginPageTest -->
    </test> <!-- Test -->
  </suite> <!-- Suite -->
</testng-results>
