<?xml version="1.0" encoding="UTF-8"?>
<testng-results skipped="0" failed="0" ignored="0" total="1" passed="1">
  <reporter-output>
  </reporter-output>
  <suite name="Suite" duration-ms="25579" started-at="2020-08-31T15:58:38Z" finished-at="2020-08-31T15:59:04Z">
    <groups>
    </groups>
    <test name="Test" duration-ms="25579" started-at="2020-08-31T15:58:38Z" finished-at="2020-08-31T15:59:04Z">
      <class name="com.qa.test.LoginPageTest">
        <test-method status="PASS" signature="setUp()[pri:0, instance:com.qa.test.LoginPageTest@67b64c45]" name="setUp" is-config="true" duration-ms="21471" started-at="2020-08-31T15:58:38Z" finished-at="2020-08-31T15:59:00Z">
          <reporter-output>
          </reporter-output>
        </test-method> <!-- setUp -->
        <test-method status="PASS" signature="validateLoginTest()[pri:0, instance:com.qa.test.LoginPageTest@67b64c45]" name="validateLoginTest" duration-ms="3626" started-at="2020-08-31T15:59:00Z" finished-at="2020-08-31T15:59:03Z">
          <reporter-output>
          </reporter-output>
        </test-method> <!-- validateLoginTest -->
        <test-method status="PASS" signature="tearDown()[pri:0, instance:com.qa.test.LoginPageTest@67b64c45]" name="tearDown" is-config="true" duration-ms="430" started-at="2020-08-31T15:59:03Z" finished-at="2020-08-31T15:59:04Z">
          <reporter-output>
          </reporter-output>
        </test-method> <!-- tearDown -->
      </class> <!-- com.qa.test.LoginPageTest -->
    </test> <!-- Test -->
  </suite> <!-- Suite -->
</testng-results>
